[debug] [2023-05-16T03:41:40.073Z] ----------------------------------------------------------------------
[debug] [2023-05-16T03:41:40.075Z] Command:       /usr/local/Cellar/node/20.1.0/bin/node /Users/arielkark/Code/freelunch/backend/functions/node_modules/.bin/firebase emulators:start --only functions
[debug] [2023-05-16T03:41:40.076Z] CLI Version:   12.0.0
[debug] [2023-05-16T03:41:40.076Z] Platform:      darwin
[debug] [2023-05-16T03:41:40.077Z] Node Version:  v20.1.0
[debug] [2023-05-16T03:41:40.077Z] Time:          Tue May 16 2023 13:41:40 GMT+1000 (Australian Eastern Standard Time)
[debug] [2023-05-16T03:41:40.077Z] ----------------------------------------------------------------------
[debug] 
[debug] [2023-05-16T03:41:40.165Z] > command requires scopes: ["email","openid","https://www.googleapis.com/auth/cloudplatformprojects.readonly","https://www.googleapis.com/auth/firebase","https://www.googleapis.com/auth/cloud-platform"]
[debug] [2023-05-16T03:41:40.167Z] > authorizing via signed-in user (arielkark@gmail.com)
[info] i  emulators: Starting emulators: functions {"metadata":{"emulator":{"name":"hub"},"message":"Starting emulators: functions"}}
[debug] [2023-05-16T03:41:40.531Z] [logging] Logging Emulator only supports listening on one address (127.0.0.1). Not listening on ::1
[debug] [2023-05-16T03:41:40.532Z] assigned listening specs for emulators {"user":{"hub":[{"address":"127.0.0.1","family":"IPv4","port":4400},{"address":"::1","family":"IPv6","port":4400}],"ui":[{"address":"127.0.0.1","family":"IPv4","port":4000},{"address":"::1","family":"IPv6","port":4000}],"logging":[{"address":"127.0.0.1","family":"IPv4","port":4500}]},"metadata":{"message":"assigned listening specs for emulators"}}
[debug] [2023-05-16T03:41:40.546Z] [hub] writing locator at /var/folders/9k/nl10ks_d0vx7kzty33tw23500000gn/T/hub-free-lunch-media.json
[debug] [2023-05-16T03:41:40.828Z] [functions] Functions Emulator only supports listening on one address (127.0.0.1). Not listening on ::1
[debug] [2023-05-16T03:41:40.828Z] [eventarc] Eventarc Emulator only supports listening on one address (127.0.0.1). Not listening on ::1
[debug] [2023-05-16T03:41:40.828Z] late-assigned ports for functions and eventarc emulators {"user":{"hub":[{"address":"127.0.0.1","family":"IPv4","port":4400},{"address":"::1","family":"IPv6","port":4400}],"ui":[{"address":"127.0.0.1","family":"IPv4","port":4000},{"address":"::1","family":"IPv6","port":4000}],"logging":[{"address":"127.0.0.1","family":"IPv4","port":4500}],"functions":[{"address":"127.0.0.1","family":"IPv4","port":5001}],"eventarc":[{"address":"127.0.0.1","family":"IPv4","port":9299}]},"metadata":{"message":"late-assigned ports for functions and eventarc emulators"}}
[warn] ⚠  functions: The following emulators are not running, calls to these services from the Functions emulator will affect production: auth, firestore, database, hosting, pubsub, storage {"metadata":{"emulator":{"name":"functions"},"message":"The following emulators are not running, calls to these services from the Functions emulator will affect production: \u001b[1mauth, firestore, database, hosting, pubsub, storage\u001b[22m"}}
[debug] [2023-05-16T03:41:40.833Z] defaultcredentials: writing to file /Users/arielkark/.config/firebase/arielkark_gmail_com_application_default_credentials.json
[debug] [2023-05-16T03:41:40.838Z] Setting GAC to /Users/arielkark/.config/firebase/arielkark_gmail_com_application_default_credentials.json {"metadata":{"emulator":{"name":"functions"},"message":"Setting GAC to /Users/arielkark/.config/firebase/arielkark_gmail_com_application_default_credentials.json"}}
[debug] [2023-05-16T03:41:40.839Z] >>> [apiv2][query] GET https://firebase.googleapis.com/v1beta1/projects/free-lunch-media/adminSdkConfig [none]
[debug] [2023-05-16T03:41:41.508Z] <<< [apiv2][status] GET https://firebase.googleapis.com/v1beta1/projects/free-lunch-media/adminSdkConfig 200
[debug] [2023-05-16T03:41:41.508Z] <<< [apiv2][body] GET https://firebase.googleapis.com/v1beta1/projects/free-lunch-media/adminSdkConfig {"projectId":"free-lunch-media","storageBucket":"free-lunch-media.appspot.com","locationId":"australia-southeast1"}
[debug] [2023-05-16T03:41:41.536Z] Ignoring unsupported arg: auto_download {"metadata":{"emulator":{"name":"ui"},"message":"Ignoring unsupported arg: auto_download"}}
[debug] [2023-05-16T03:41:41.536Z] Ignoring unsupported arg: port {"metadata":{"emulator":{"name":"ui"},"message":"Ignoring unsupported arg: port"}}
[debug] [2023-05-16T03:41:41.536Z] Starting Emulator UI with command {"binary":"node","args":["/Users/arielkark/.cache/firebase/emulators/ui-v1.11.6/server/server.js"],"optionalArgs":[],"joinArgs":false} {"metadata":{"emulator":{"name":"ui"},"message":"Starting Emulator UI with command {\"binary\":\"node\",\"args\":[\"/Users/arielkark/.cache/firebase/emulators/ui-v1.11.6/server/server.js\"],\"optionalArgs\":[],\"joinArgs\":false}"}}
[info] i  ui: Emulator UI logging to ui-debug.log {"metadata":{"emulator":{"name":"ui"},"message":"Emulator UI logging to \u001b[1mui-debug.log\u001b[22m"}}
[debug] [2023-05-16T03:41:41.681Z] Web / API server started at 127.0.0.1:4000
 {"metadata":{"emulator":{"name":"ui"},"message":"Web / API server started at 127.0.0.1:4000\n"}}
[debug] [2023-05-16T03:41:41.681Z] Web / API server started at ::1:4000
 {"metadata":{"emulator":{"name":"ui"},"message":"Web / API server started at ::1:4000\n"}}
[info] i  functions: Watching "/Users/arielkark/Code/freelunch/backend/functions" for Cloud Functions... {"metadata":{"emulator":{"name":"functions"},"message":"Watching \"/Users/arielkark/Code/freelunch/backend/functions\" for Cloud Functions..."}}
[debug] [2023-05-16T03:41:41.800Z] Validating nodejs source
[debug] [2023-05-16T03:41:42.353Z] > [functions] package.json contents: {
  "name": "functions",
  "scripts": {
    "lint": "eslint --ext .js,.ts .",
    "lint:fix": "eslint --ext .js,.ts . --fix",
    "build": "tsc",
    "build:watch": "tsc --watch",
    "serve": "npm run build && firebase emulators:start --only functions",
    "shell": "npm run build && firebase functions:shell",
    "start": "npm run shell",
    "deploy": "firebase deploy --only functions",
    "logs": "firebase functions:log"
  },
  "engines": {
    "node": "16"
  },
  "main": "lib/index.js",
  "dependencies": {
    "@sanity/client": "^6.0.1",
    "firebase-admin": "^10.0.2",
    "firebase-functions": "^4.4.0",
    "firebase-tools": "^12.0.0"
  },
  "devDependencies": {
    "@typescript-eslint/eslint-plugin": "^5.12.0",
    "@typescript-eslint/parser": "^5.12.0",
    "eslint": "^8.9.0",
    "eslint-config-google": "^0.14.0",
    "eslint-config-prettier": "^8.5.0",
    "eslint-plugin-import": "^2.25.4",
    "eslint-plugin-jest": "^27.1.5",
    "eslint-plugin-prettier": "^4.2.1",
    "eslint-plugin-simple-import-sort": "^8.0.0",
    "eslint-plugin-unused-imports": "^2.0.0",
    "firebase-functions-test": "^0.2.0",
    "prettier": "2.7.1",
    "typescript": "^4.5.4"
  },
  "private": true
}
[debug] [2023-05-16T03:41:42.354Z] Building nodejs source
[debug] [2023-05-16T03:41:42.354Z] Failed to find version of module node: reached end of search path /Users/arielkark/Code/freelunch/backend/functions/node_modules
[warn] ⚠  functions: Your requested "node" version "16" doesn't match your global version "20". Using node@20 from host. 
[info] i  functions: Loaded environment variables from .env, .env.local. 
[debug] [2023-05-16T03:41:42.361Z] Could not find functions.yaml. Must use http discovery
[debug] [2023-05-16T03:41:42.368Z] Found firebase-functions binary at '/Users/arielkark/Code/freelunch/backend/functions/node_modules/.bin/firebase-functions'
[debug] [2023-05-16T03:41:42.524Z] Serving at port 8035

[debug] [2023-05-16T03:41:42.720Z] Got response from /__/functions.yaml {"endpoints":{"getContent":{"platform":"gcfv1","labels":{},"availableMemoryMb":null,"timeoutSeconds":null,"minInstances":null,"maxInstances":null,"ingressSettings":null,"serviceAccountEmail":null,"vpc":null,"region":["australia-southeast1"],"secretEnvironmentVariables":[{"key":"SANITY_API_TOKEN"},{"key":"SANITY_PROJECT_ID"}],"callableTrigger":{},"entryPoint":"getContent"}},"specVersion":"v1alpha1","requiredAPIs":[],"params":[{"name":"SANITY_API_TOKEN","type":"string"},{"name":"SANITY_DATASET","type":"string"},{"name":"SANITY_PROJECT_ID","type":"string"}]}
[debug] [2023-05-16T03:41:42.730Z] shutdown requested via /__/quitquitquit

[info] ✔  functions: Loaded functions definitions from source: getContent. {"metadata":{"emulator":{"name":"functions"},"message":"Loaded functions definitions from source: getContent."}}
[info] ✔  functions[australia-southeast1-getContent]: http function initialized (http://127.0.0.1:5001/free-lunch-media/australia-southeast1/getContent). {"metadata":{"emulator":{"name":"functions"},"message":"\u001b[1mhttp\u001b[22m function initialized (http://127.0.0.1:5001/free-lunch-media/australia-southeast1/getContent)."}}
[info] 
┌─────────────────────────────────────────────────────────────┐
│ ✔  All emulators ready! It is now safe to connect your app. │
│ i  View Emulator UI at http://127.0.0.1:4000/               │
└─────────────────────────────────────────────────────────────┘

┌───────────┬────────────────┬─────────────────────────────────┐
│ Emulator  │ Host:Port      │ View in Emulator UI             │
├───────────┼────────────────┼─────────────────────────────────┤
│ Functions │ 127.0.0.1:5001 │ http://127.0.0.1:4000/functions │
└───────────┴────────────────┴─────────────────────────────────┘
  Emulator Hub running at 127.0.0.1:4400
  Other reserved ports: 4500

Issues? Report them at https://github.com/firebase/firebase-tools/issues and attach the *-debug.log files.
 
[debug] [2023-05-16T03:41:47.901Z] [work-queue] {"queuedWork":["/free-lunch-media/australia-southeast1/getContent-2023-05-16T03:41:47.900Z"],"queueLength":1,"runningWork":[],"workRunningCount":0}
[debug] [2023-05-16T03:41:47.903Z] [work-queue] {"queuedWork":[],"queueLength":0,"runningWork":["/free-lunch-media/australia-southeast1/getContent-2023-05-16T03:41:47.900Z"],"workRunningCount":1}
[debug] [2023-05-16T03:41:47.904Z] Accepted request POST /free-lunch-media/australia-southeast1/getContent --> australia-southeast1-getContent
[debug] [2023-05-16T03:41:47.913Z] [functions] Runtime ready! Sending request! {"metadata":{"emulator":{"name":"functions"},"message":"[functions] Runtime ready! Sending request!"}}
[debug] [2023-05-16T03:41:47.913Z] [functions] Got req.url=/free-lunch-media/australia-southeast1/getContent, mapping to path=/ {"metadata":{"emulator":{"name":"functions"},"message":"[functions] Got req.url=/free-lunch-media/australia-southeast1/getContent, mapping to path=/"}}
[info] i  functions: Loaded environment variables from .env, .env.local. 
[debug] [2023-05-16T03:41:47.924Z] >>> [apiv2][query] GET https://secretmanager.googleapis.com/v1/projects/free-lunch-media/secrets/SANITY_API_TOKEN/versions/latest:access [none]
[debug] [2023-05-16T03:41:47.926Z] >>> [apiv2][query] GET https://secretmanager.googleapis.com/v1/projects/free-lunch-media/secrets/SANITY_PROJECT_ID/versions/latest:access [none]
[debug] [2023-05-16T03:41:48.562Z] <<< [apiv2][status] GET https://secretmanager.googleapis.com/v1/projects/free-lunch-media/secrets/SANITY_PROJECT_ID/versions/latest:access 200
[debug] [2023-05-16T03:41:48.562Z] <<< [apiv2][body] GET https://secretmanager.googleapis.com/v1/projects/free-lunch-media/secrets/SANITY_PROJECT_ID/versions/latest:access {"name":"projects/406658712723/secrets/SANITY_PROJECT_ID/versions/1","payload":{"data":"cTJybHBxcnY=","dataCrc32c":"399492766"}}
[debug] [2023-05-16T03:41:49.071Z] <<< [apiv2][status] GET https://secretmanager.googleapis.com/v1/projects/free-lunch-media/secrets/SANITY_API_TOKEN/versions/latest:access 200
[debug] [2023-05-16T03:41:49.073Z] <<< [apiv2][body] GET https://secretmanager.googleapis.com/v1/projects/free-lunch-media/secrets/SANITY_API_TOKEN/versions/latest:access {"name":"projects/406658712723/secrets/SANITY_API_TOKEN/versions/1","payload":{"data":"c2syV2I1Z2hmdjJZbkN0Q0V0OEFjV2hPeVRIZTNpNWh5OEEwWmh0TzhTbUlXRWZwMjl4QVBwaUY0TkpWdkpmazYzaktXYkwwY0k2UGxDamNyOXZRUEdTcWlKRldDeVlPTloweVJrZTlwMGxWS2s5bHlicUJCZW56MmdkVWpONVprYVV6T3BkN092cTFXTlR2Z2FuYm9OVFZGbDUya1JDY0FoOFBjUFViU2ZpWUFNdllxR2tq","dataCrc32c":"2731328736"}}
[debug] [2023-05-16T03:41:49.082Z] [worker-pool] addWorker(australia-southeast1-getContent) {"metadata":{"emulator":{"name":"functions"},"message":"[worker-pool] addWorker(australia-southeast1-getContent)"}}
[debug] [2023-05-16T03:41:49.084Z] [worker-pool] Adding worker with key australia-southeast1-getContent, total=1 {"metadata":{"emulator":{"name":"functions"},"message":"[worker-pool] Adding worker with key australia-southeast1-getContent, total=1"}}
[debug] [2023-05-16T03:41:49.806Z] [runtime-status] [44986] Resolved module firebase-admin {"declared":true,"installed":true,"version":"10.3.0","resolution":"/Users/arielkark/Code/freelunch/backend/functions/node_modules/firebase-admin/lib/index.js"} {"metadata":{"emulator":{"name":"functions"},"function":{"name":"australia-southeast1-getContent"},"extension":{},"message":"[runtime-status] [44986] Resolved module firebase-admin {\"declared\":true,\"installed\":true,\"version\":\"10.3.0\",\"resolution\":\"/Users/arielkark/Code/freelunch/backend/functions/node_modules/firebase-admin/lib/index.js\"}"}}
[debug] [2023-05-16T03:41:49.807Z] [runtime-status] [44986] Resolved module firebase-functions {"declared":true,"installed":true,"version":"4.4.0","resolution":"/Users/arielkark/Code/freelunch/backend/functions/node_modules/firebase-functions/lib/v1/index.js"} {"metadata":{"emulator":{"name":"functions"},"function":{"name":"australia-southeast1-getContent"},"extension":{},"message":"[runtime-status] [44986] Resolved module firebase-functions {\"declared\":true,\"installed\":true,\"version\":\"4.4.0\",\"resolution\":\"/Users/arielkark/Code/freelunch/backend/functions/node_modules/firebase-functions/lib/v1/index.js\"}"}}
[debug] [2023-05-16T03:41:49.807Z] [runtime-status] [44986] Outgoing network have been stubbed. [{"name":"http","status":"mocked"},{"name":"http","status":"mocked"},{"name":"https","status":"mocked"},{"name":"https","status":"mocked"},{"name":"net","status":"mocked"}] {"metadata":{"emulator":{"name":"functions"},"function":{"name":"australia-southeast1-getContent"},"extension":{},"message":"[runtime-status] [44986] Outgoing network have been stubbed. [{\"name\":\"http\",\"status\":\"mocked\"},{\"name\":\"http\",\"status\":\"mocked\"},{\"name\":\"https\",\"status\":\"mocked\"},{\"name\":\"https\",\"status\":\"mocked\"},{\"name\":\"net\",\"status\":\"mocked\"}]"}}
[debug] [2023-05-16T03:41:49.808Z] [runtime-status] [44986] Resolved module firebase-functions {"declared":true,"installed":true,"version":"4.4.0","resolution":"/Users/arielkark/Code/freelunch/backend/functions/node_modules/firebase-functions/lib/v1/index.js"} {"metadata":{"emulator":{"name":"functions"},"function":{"name":"australia-southeast1-getContent"},"extension":{},"message":"[runtime-status] [44986] Resolved module firebase-functions {\"declared\":true,\"installed\":true,\"version\":\"4.4.0\",\"resolution\":\"/Users/arielkark/Code/freelunch/backend/functions/node_modules/firebase-functions/lib/v1/index.js\"}"}}
[debug] [2023-05-16T03:41:49.912Z] [runtime-status] [44986] Checked functions.config() {"config":{}} {"metadata":{"emulator":{"name":"functions"},"function":{"name":"australia-southeast1-getContent"},"extension":{},"message":"[runtime-status] [44986] Checked functions.config() {\"config\":{}}"}}
[debug] [2023-05-16T03:41:49.912Z] [runtime-status] [44986] firebase-functions has been stubbed. {"functionsResolution":{"declared":true,"installed":true,"version":"4.4.0","resolution":"/Users/arielkark/Code/freelunch/backend/functions/node_modules/firebase-functions/lib/v1/index.js"}} {"metadata":{"emulator":{"name":"functions"},"function":{"name":"australia-southeast1-getContent"},"extension":{},"message":"[runtime-status] [44986] firebase-functions has been stubbed. {\"functionsResolution\":{\"declared\":true,\"installed\":true,\"version\":\"4.4.0\",\"resolution\":\"/Users/arielkark/Code/freelunch/backend/functions/node_modules/firebase-functions/lib/v1/index.js\"}}"}}
[debug] [2023-05-16T03:41:49.912Z] [runtime-status] [44986] Resolved module firebase-functions {"declared":true,"installed":true,"version":"4.4.0","resolution":"/Users/arielkark/Code/freelunch/backend/functions/node_modules/firebase-functions/lib/v1/index.js"} {"metadata":{"emulator":{"name":"functions"},"function":{"name":"australia-southeast1-getContent"},"extension":{},"message":"[runtime-status] [44986] Resolved module firebase-functions {\"declared\":true,\"installed\":true,\"version\":\"4.4.0\",\"resolution\":\"/Users/arielkark/Code/freelunch/backend/functions/node_modules/firebase-functions/lib/v1/index.js\"}"}}
[debug] [2023-05-16T03:41:49.913Z] [runtime-status] [44986] Resolved module firebase-admin {"declared":true,"installed":true,"version":"10.3.0","resolution":"/Users/arielkark/Code/freelunch/backend/functions/node_modules/firebase-admin/lib/index.js"} {"metadata":{"emulator":{"name":"functions"},"function":{"name":"australia-southeast1-getContent"},"extension":{},"message":"[runtime-status] [44986] Resolved module firebase-admin {\"declared\":true,\"installed\":true,\"version\":\"10.3.0\",\"resolution\":\"/Users/arielkark/Code/freelunch/backend/functions/node_modules/firebase-admin/lib/index.js\"}"}}
[debug] [2023-05-16T03:41:49.914Z] [runtime-status] [44986] Resolved module firebase-functions {"declared":true,"installed":true,"version":"4.4.0","resolution":"/Users/arielkark/Code/freelunch/backend/functions/node_modules/firebase-functions/lib/v1/index.js"} {"metadata":{"emulator":{"name":"functions"},"function":{"name":"australia-southeast1-getContent"},"extension":{},"message":"[runtime-status] [44986] Resolved module firebase-functions {\"declared\":true,\"installed\":true,\"version\":\"4.4.0\",\"resolution\":\"/Users/arielkark/Code/freelunch/backend/functions/node_modules/firebase-functions/lib/v1/index.js\"}"}}
[debug] [2023-05-16T03:41:49.915Z] [runtime-status] [44986] firebase-admin has been stubbed. {"adminResolution":{"declared":true,"installed":true,"version":"10.3.0","resolution":"/Users/arielkark/Code/freelunch/backend/functions/node_modules/firebase-admin/lib/index.js"}} {"metadata":{"emulator":{"name":"functions"},"function":{"name":"australia-southeast1-getContent"},"extension":{},"message":"[runtime-status] [44986] firebase-admin has been stubbed. {\"adminResolution\":{\"declared\":true,\"installed\":true,\"version\":\"10.3.0\",\"resolution\":\"/Users/arielkark/Code/freelunch/backend/functions/node_modules/firebase-admin/lib/index.js\"}}"}}
[debug] [2023-05-16T03:41:49.939Z] [runtime-status] [44986] Functions runtime initialized. {"cwd":"/Users/arielkark/Code/freelunch/backend/functions","node_version":"20.1.0"} {"metadata":{"emulator":{"name":"functions"},"function":{"name":"australia-southeast1-getContent"},"extension":{},"message":"[runtime-status] [44986] Functions runtime initialized. {\"cwd\":\"/Users/arielkark/Code/freelunch/backend/functions\",\"node_version\":\"20.1.0\"}"}}
[debug] [2023-05-16T03:41:49.939Z] [runtime-status] [44986] Listening to port: /var/folders/9k/nl10ks_d0vx7kzty33tw23500000gn/T/fire_emu_69b30ef4ce6b0de7.sock {"metadata":{"emulator":{"name":"functions"},"function":{"name":"australia-southeast1-getContent"},"extension":{},"message":"[runtime-status] [44986] Listening to port: /var/folders/9k/nl10ks_d0vx7kzty33tw23500000gn/T/fire_emu_69b30ef4ce6b0de7.sock"}}
[debug] [2023-05-16T03:41:50.011Z] [worker-australia-southeast1-getContent-0f5a6f4d-ecf7-4807-86e2-7b2566c07b29]: IDLE {"metadata":{"emulator":{"name":"functions"},"function":{"name":"australia-southeast1-getContent"},"extension":{},"message":"[worker-australia-southeast1-getContent-0f5a6f4d-ecf7-4807-86e2-7b2566c07b29]: IDLE"}}
[debug] [2023-05-16T03:41:50.012Z] [worker-pool] submitRequest(triggerId=australia-southeast1-getContent) {"metadata":{"emulator":{"name":"functions"},"message":"[worker-pool] submitRequest(triggerId=australia-southeast1-getContent)"}}
[info] i  functions: Beginning execution of "australia-southeast1-getContent" {"metadata":{"emulator":{"name":"functions"},"function":{"name":"australia-southeast1-getContent"},"extension":{},"message":"Beginning execution of \"australia-southeast1-getContent\""}}
[debug] [2023-05-16T03:41:50.012Z] [worker-australia-southeast1-getContent-0f5a6f4d-ecf7-4807-86e2-7b2566c07b29]: BUSY {"metadata":{"emulator":{"name":"functions"},"function":{"name":"australia-southeast1-getContent"},"extension":{},"message":"[worker-australia-southeast1-getContent-0f5a6f4d-ecf7-4807-86e2-7b2566c07b29]: BUSY"}}
[info] >  {"verifications":{"app":"MISSING","auth":"MISSING"},"logging.googleapis.com/labels":{"firebase-log-type":"callable-request-verification"},"severity":"DEBUG","message":"Callable request verification passed"} {"user":{"verifications":{"app":"MISSING","auth":"MISSING"},"logging.googleapis.com/labels":{"firebase-log-type":"callable-request-verification"},"severity":"DEBUG","message":"Callable request verification passed"},"metadata":{"emulator":{"name":"functions"},"function":{"name":"australia-southeast1-getContent"},"extension":{},"message":"\u001b[90m> \u001b[39m {\"verifications\":{\"app\":\"MISSING\",\"auth\":\"MISSING\"},\"logging.googleapis.com/labels\":{\"firebase-log-type\":\"callable-request-verification\"},\"severity\":\"DEBUG\",\"message\":\"Callable request verification passed\"}"}}
[debug] [2023-05-16T03:41:50.026Z] [runtime-status] [44986] No callable functions auth found {"metadata":{"emulator":{"name":"functions"},"function":{"name":"australia-southeast1-getContent"},"extension":{},"message":"[runtime-status] [44986] No callable functions auth found"}}
[warn] ⚠  External network resource requested!
   - URL: "https://q2rlpqrv.apicdn.sanity.io/v2023-05-03/data/query/production?query=*%5B_type+%3D%3D+%22podcast%22%5D%7B%0A++name%2C%0A++description%2C%0A++%22imageURL%22%3A+image.asset-%3Eurl%2C%0A++episodes%5B%5D-%3E%7B%0A++++%22audioURL%22%3A+audio.asset-%3Eurl%2C%0A++++_createdAt%2C%0A++++name%2C%0A++++description%2C%0A++++_id%2C%0A++%7D%2C%0A%7D%0A"
 - Be careful, this may be a production service. {"metadata":{"emulator":{"name":"functions"},"function":{"name":"australia-southeast1-getContent"},"extension":{},"message":"External network resource requested!\n   - URL: \"https://q2rlpqrv.apicdn.sanity.io/v2023-05-03/data/query/production?query=*%5B_type+%3D%3D+%22podcast%22%5D%7B%0A++name%2C%0A++description%2C%0A++%22imageURL%22%3A+image.asset-%3Eurl%2C%0A++episodes%5B%5D-%3E%7B%0A++++%22audioURL%22%3A+audio.asset-%3Eurl%2C%0A++++_createdAt%2C%0A++++name%2C%0A++++description%2C%0A++++_id%2C%0A++%7D%2C%0A%7D%0A\"\n - Be careful, this may be a production service."}}
[debug] [2023-05-16T03:41:50.272Z] Finishing up request with event=pause {"metadata":{"emulator":{"name":"functions"},"function":{"name":"australia-southeast1-getContent"},"extension":{},"message":"Finishing up request with event=pause"}}
[info] i  functions: Finished "australia-southeast1-getContent" in 259.524417ms {"metadata":{"emulator":{"name":"functions"},"function":{"name":"australia-southeast1-getContent"},"extension":{},"message":"Finished \"australia-southeast1-getContent\" in 259.524417ms"}}
[debug] [2023-05-16T03:41:50.272Z] [worker-australia-southeast1-getContent-0f5a6f4d-ecf7-4807-86e2-7b2566c07b29]: IDLE {"metadata":{"emulator":{"name":"functions"},"function":{"name":"australia-southeast1-getContent"},"extension":{},"message":"[worker-australia-southeast1-getContent-0f5a6f4d-ecf7-4807-86e2-7b2566c07b29]: IDLE"}}
[debug] [2023-05-16T03:41:50.272Z] Finishing up request with event=finish {"metadata":{"emulator":{"name":"functions"},"function":{"name":"australia-southeast1-getContent"},"extension":{},"message":"Finishing up request with event=finish"}}
[debug] [2023-05-16T03:41:50.273Z] Finishing up request with event=close {"metadata":{"emulator":{"name":"functions"},"function":{"name":"australia-southeast1-getContent"},"extension":{},"message":"Finishing up request with event=close"}}
[debug] [2023-05-16T03:41:50.273Z] [work-queue] {"queuedWork":[],"queueLength":0,"runningWork":[],"workRunningCount":0}
